  laba.cpp
C:\Users\Ярослав\source\repos\laba\laba\set.h(9,15): error C2011: Hashtb: переопределение типа "struct"
C:\Users\Ярослав\source\repos\laba\laba\hashmap.h(9): message : см. объявление "Hashtb"
C:\Users\Ярослав\source\repos\laba\laba\stack.h(6,13): error C2011: Node: переопределение типа "struct"
C:\Users\Ярослав\source\repos\laba\laba\queue.h(6): message : см. объявление "Node"
  queue.cpp
C:\Users\Ярослав\source\repos\laba\laba\queue.cpp(5,13): error C2011: Node: переопределение типа "struct"
C:\Users\Ярослав\source\repos\laba\laba\queue.h(6): message : см. объявление "Node"
C:\Users\Ярослав\source\repos\laba\laba\queue.cpp(10,13): error C2011: List: переопределение типа "struct"
C:\Users\Ярослав\source\repos\laba\laba\queue.h(11): message : см. объявление "List"
C:\Users\Ярослав\source\repos\laba\laba\queue.cpp(18,7): error C2027: использование неопределенного типа "List"
C:\Users\Ярослав\source\repos\laba\laba\queue.h(11): message : см. объявление "List"
C:\Users\Ярослав\source\repos\laba\laba\queue.cpp(19,7): error C2027: использование неопределенного типа "List"
C:\Users\Ярослав\source\repos\laba\laba\queue.h(11): message : см. объявление "List"
C:\Users\Ярослав\source\repos\laba\laba\queue.cpp(20,7): error C2027: использование неопределенного типа "List"
C:\Users\Ярослав\source\repos\laba\laba\queue.h(11): message : см. объявление "List"
C:\Users\Ярослав\source\repos\laba\laba\queue.cpp(25,32): error C2027: использование неопределенного типа "Node"
C:\Users\Ярослав\source\repos\laba\laba\queue.h(6): message : см. объявление "Node"
C:\Users\Ярослав\source\repos\laba\laba\queue.cpp(26,13): error C2027: использование неопределенного типа "Node"
C:\Users\Ярослав\source\repos\laba\laba\queue.h(6): message : см. объявление "Node"
C:\Users\Ярослав\source\repos\laba\laba\queue.cpp(27,13): error C2027: использование неопределенного типа "Node"
C:\Users\Ярослав\source\repos\laba\laba\queue.h(6): message : см. объявление "Node"
C:\Users\Ярослав\source\repos\laba\laba\queue.cpp(27,24): error C2027: использование неопределенного типа "List"
C:\Users\Ярослав\source\repos\laba\laba\queue.h(11): message : см. объявление "List"
C:\Users\Ярослав\source\repos\laba\laba\queue.cpp(28,8): error C2027: использование неопределенного типа "List"
C:\Users\Ярослав\source\repos\laba\laba\queue.h(11): message : см. объявление "List"
C:\Users\Ярослав\source\repos\laba\laba\queue.cpp(30,11): error C2027: использование неопределенного типа "List"
C:\Users\Ярослав\source\repos\laba\laba\queue.h(11): message : см. объявление "List"
C:\Users\Ярослав\source\repos\laba\laba\queue.cpp(34,11): error C2027: использование неопределенного типа "List"
C:\Users\Ярослав\source\repos\laba\laba\queue.h(11): message : см. объявление "List"
C:\Users\Ярослав\source\repos\laba\laba\queue.cpp(36,7): error C2027: использование неопределенного типа "List"
C:\Users\Ярослав\source\repos\laba\laba\queue.h(11): message : см. объявление "List"
C:\Users\Ярослав\source\repos\laba\laba\queue.cpp(37,7): error C2027: использование неопределенного типа "List"
C:\Users\Ярослав\source\repos\laba\laba\queue.h(11): message : см. объявление "List"
C:\Users\Ярослав\source\repos\laba\laba\queue.cpp(42,8): error C2027: использование неопределенного типа "List"
C:\Users\Ярослав\source\repos\laba\laba\queue.h(11): message : см. объявление "List"
C:\Users\Ярослав\source\repos\laba\laba\queue.cpp(46,24): error C2027: использование неопределенного типа "List"
C:\Users\Ярослав\source\repos\laba\laba\queue.h(11): message : см. объявление "List"
C:\Users\Ярослав\source\repos\laba\laba\queue.cpp(47,28): error C2027: использование неопределенного типа "List"
C:\Users\Ярослав\source\repos\laba\laba\queue.h(11): message : см. объявление "List"
C:\Users\Ярослав\source\repos\laba\laba\queue.cpp(48,8): error C2027: использование неопределенного типа "List"
C:\Users\Ярослав\source\repos\laba\laba\queue.h(11): message : см. объявление "List"
C:\Users\Ярослав\source\repos\laba\laba\queue.cpp(50,11): error C2027: использование неопределенного типа "List"
C:\Users\Ярослав\source\repos\laba\laba\queue.h(11): message : см. объявление "List"
C:\Users\Ярослав\source\repos\laba\laba\queue.cpp(51,11): error C2027: использование неопределенного типа "List"
C:\Users\Ярослав\source\repos\laba\laba\queue.h(11): message : см. объявление "List"
C:\Users\Ярослав\source\repos\laba\laba\queue.cpp(55,11): error C2027: использование неопределенного типа "List"
C:\Users\Ярослав\source\repos\laba\laba\queue.h(11): message : см. объявление "List"
C:\Users\Ярослав\source\repos\laba\laba\queue.cpp(55,28): error C2027: использование неопределенного типа "Node"
C:\Users\Ярослав\source\repos\laba\laba\queue.h(6): message : см. объявление "Node"
C:\Users\Ярослав\source\repos\laba\laba\queue.cpp(57,20): warning C4150: удаление указателя на неполный тип "Node"; деструктор не вызван
C:\Users\Ярослав\source\repos\laba\laba\queue.h(6): message : см. объявление "Node"
C:\Users\Ярослав\source\repos\laba\laba\queue.cpp(58,7): error C2027: использование неопределенного типа "List"
C:\Users\Ярослав\source\repos\laba\laba\queue.h(11): message : см. объявление "List"
  hashmap.cpp
C:\Users\Ярослав\source\repos\laba\laba\hashmap.cpp(8,15): error C2011: Hashtb: переопределение типа "struct"
C:\Users\Ярослав\source\repos\laba\laba\hashmap.h(9): message : см. объявление "Hashtb"
C:\Users\Ярослав\source\repos\laba\laba\hashmap.cpp(23,15): error C2027: использование неопределенного типа "Hashtb"
C:\Users\Ярослав\source\repos\laba\laba\hashmap.h(9): message : см. объявление "Hashtb"
C:\Users\Ярослав\source\repos\laba\laba\hashmap.cpp(24,15): error C2027: использование неопределенного типа "Hashtb"
C:\Users\Ярослав\source\repos\laba\laba\hashmap.h(9): message : см. объявление "Hashtb"
C:\Users\Ярослав\source\repos\laba\laba\hashmap.cpp(31,8): error C2027: использование неопределенного типа "Hashtb"
C:\Users\Ярослав\source\repos\laba\laba\hashmap.h(9): message : см. объявление "Hashtb"
C:\Users\Ярослав\source\repos\laba\laba\hashmap.cpp(33,19): error C2027: использование неопределенного типа "Hashtb"
C:\Users\Ярослав\source\repos\laba\laba\hashmap.h(9): message : см. объявление "Hashtb"
C:\Users\Ярослав\source\repos\laba\laba\hashmap.cpp(34,19): error C2027: использование неопределенного типа "Hashtb"
C:\Users\Ярослав\source\repos\laba\laba\hashmap.h(9): message : см. объявление "Hashtb"
C:\Users\Ярослав\source\repos\laba\laba\hashmap.cpp(47,8): error C2027: использование неопределенного типа "Hashtb"
C:\Users\Ярослав\source\repos\laba\laba\hashmap.h(9): message : см. объявление "Hashtb"
C:\Users\Ярослав\source\repos\laba\laba\hashmap.cpp(53,27): error C2027: использование неопределенного типа "Hashtb"
C:\Users\Ярослав\source\repos\laba\laba\hashmap.h(9): message : см. объявление "Hashtb"
C:\Users\Ярослав\source\repos\laba\laba\hashmap.cpp(54,19): error C2027: использование неопределенного типа "Hashtb"
C:\Users\Ярослав\source\repos\laba\laba\hashmap.h(9): message : см. объявление "Hashtb"
C:\Users\Ярослав\source\repos\laba\laba\hashmap.cpp(55,19): error C2027: использование неопределенного типа "Hashtb"
C:\Users\Ярослав\source\repos\laba\laba\hashmap.h(9): message : см. объявление "Hashtb"
C:\Users\Ярослав\source\repos\laba\laba\hashmap.cpp(63,8): error C2027: использование неопределенного типа "Hashtb"
C:\Users\Ярослав\source\repos\laba\laba\hashmap.h(9): message : см. объявление "Hashtb"
C:\Users\Ярослав\source\repos\laba\laba\hashmap.cpp(69,45): error C2027: использование неопределенного типа "Hashtb"
C:\Users\Ярослав\source\repos\laba\laba\hashmap.h(9): message : см. объявление "Hashtb"
  set.cpp
C:\Users\Ярослав\source\repos\laba\laba\set.cpp(7,15): error C2011: Hashtb: переопределение типа "struct"
C:\Users\Ярослав\source\repos\laba\laba\set.h(9): message : см. объявление "Hashtb"
C:\Users\Ярослав\source\repos\laba\laba\set.cpp(16,23): warning C4018: <: несоответствие типов со знаком и без знака
C:\Users\Ярослав\source\repos\laba\laba\set.cpp(27,15): error C2027: использование неопределенного типа "Hashtb"
C:\Users\Ярослав\source\repos\laba\laba\set.h(9): message : см. объявление "Hashtb"
C:\Users\Ярослав\source\repos\laba\laba\set.cpp(28,15): error C2027: использование неопределенного типа "Hashtb"
C:\Users\Ярослав\source\repos\laba\laba\set.h(9): message : см. объявление "Hashtb"
C:\Users\Ярослав\source\repos\laba\laba\set.cpp(35,8): error C2027: использование неопределенного типа "Hashtb"
C:\Users\Ярослав\source\repos\laba\laba\set.h(9): message : см. объявление "Hashtb"
C:\Users\Ярослав\source\repos\laba\laba\set.cpp(37,30): error C2027: использование неопределенного типа "Hashtb"
C:\Users\Ярослав\source\repos\laba\laba\set.h(9): message : см. объявление "Hashtb"
C:\Users\Ярослав\source\repos\laba\laba\set.cpp(50,8): error C2027: использование неопределенного типа "Hashtb"
C:\Users\Ярослав\source\repos\laba\laba\set.h(9): message : см. объявление "Hashtb"
C:\Users\Ярослав\source\repos\laba\laba\set.cpp(56,38): error C2027: использование неопределенного типа "Hashtb"
C:\Users\Ярослав\source\repos\laba\laba\set.h(9): message : см. объявление "Hashtb"
C:\Users\Ярослав\source\repos\laba\laba\set.cpp(57,30): error C2027: использование неопределенного типа "Hashtb"
C:\Users\Ярослав\source\repos\laba\laba\set.h(9): message : см. объявление "Hashtb"
C:\Users\Ярослав\source\repos\laba\laba\set.cpp(65,8): error C2027: использование неопределенного типа "Hashtb"
C:\Users\Ярослав\source\repos\laba\laba\set.h(9): message : см. объявление "Hashtb"
C:\Users\Ярослав\source\repos\laba\laba\set.cpp(71,12): error C2027: использование неопределенного типа "Hashtb"
C:\Users\Ярослав\source\repos\laba\laba\set.h(9): message : см. объявление "Hashtb"
  stack.cpp
C:\Users\Ярослав\source\repos\laba\laba\stack.cpp(5,13): error C2011: Node: переопределение типа "struct"
C:\Users\Ярослав\source\repos\laba\laba\stack.h(6): message : см. объявление "Node"
C:\Users\Ярослав\source\repos\laba\laba\stack.cpp(12,32): error C2027: использование неопределенного типа "Node"
C:\Users\Ярослав\source\repos\laba\laba\stack.h(6): message : см. объявление "Node"
C:\Users\Ярослав\source\repos\laba\laba\stack.cpp(13,13): error C2027: использование неопределенного типа "Node"
C:\Users\Ярослав\source\repos\laba\laba\stack.h(6): message : см. объявление "Node"
C:\Users\Ярослав\source\repos\laba\laba\stack.cpp(14,13): error C2027: использование неопределенного типа "Node"
C:\Users\Ярослав\source\repos\laba\laba\stack.h(6): message : см. объявление "Node"
C:\Users\Ярослав\source\repos\laba\laba\stack.cpp(26,22): error C2027: использование неопределенного типа "Node"
C:\Users\Ярослав\source\repos\laba\laba\stack.h(6): message : см. объявление "Node"
C:\Users\Ярослав\source\repos\laba\laba\stack.cpp(27,23): error C2027: использование неопределенного типа "Node"
C:\Users\Ярослав\source\repos\laba\laba\stack.h(6): message : см. объявление "Node"
